{
  "RSpec": {
    "coverage": {
      "/Users/juanmariamartinezarce/Apps/nch/app/models/user.rb": [
        1,
        1,
        null,
        1,
        null,
        null,
        1,
        1,
        1,
        null,
        1,
        1,
        null
      ],
      "/Users/juanmariamartinezarce/Apps/nch/app/controllers/application_controller.rb": [
        1,
        1,
        null,
        1,
        1,
        0,
        null,
        1,
        null
      ],
      "/Users/juanmariamartinezarce/Apps/nch/app/helpers/application_helper.rb": [
        1,
        null
      ],
      "/Users/juanmariamartinezarce/Apps/nch/app/helpers/home_helper.rb": [
        1,
        null
      ],
      "/Users/juanmariamartinezarce/Apps/nch/app/controllers/home_controller.rb": [
        1,
        1,
        null,
        null
      ],
      "/Users/juanmariamartinezarce/Apps/nch/app/controllers/users/passwords_controller.rb": [
        1,
        null,
        1,
        1,
        0,
        null,
        null,
        null,
        null
      ],
      "/Users/juanmariamartinezarce/Apps/nch/app/controllers/users/registrations_controller.rb": [
        1,
        null,
        1,
        1,
        0,
        null,
        null,
        null,
        null,
        null,
        null
      ],
      "/Users/juanmariamartinezarce/Apps/nch/app/models/company.rb": [
        1,
        1,
        null,
        1,
        null
      ]
    },
    "timestamp": 1354301237
  }
}
